<?xml version="1.0" encoding="UTF-8"?>
<!-- Generated by org.testng.reporters.JUnitXMLReporter -->
<testsuite ignored="0" hostname="DESKTOP-KRH0EH3" failures="0" tests="4" name="Parallel" time="7.448" errors="0" timestamp="2023-09-08T12:27:21 IST">
  <testcase classname="ALevelPrograms.A1_Alerts" name="@BeforeTest beforeTest" time="7.231">
    <failure type="org.openqa.selenium.SessionNotCreatedException" message="session not created: This version of ChromeDriver only supports Chrome version 114
Current browser version is 116.0.5845.179 with binary path C:\Program Files (x86)\Google\Chrome\Application\chrome.exe
Build info: version: &amp;apos;3.141.59&amp;apos;, revision: &amp;apos;e82be7d358&amp;apos;, time: &amp;apos;2018-11-14T08:17:03&amp;apos;
System info: host: &amp;apos;DESKTOP-KRH0EH3&amp;apos;, ip: &amp;apos;192.168.1.3&amp;apos;, os.name: &amp;apos;Windows 10&amp;apos;, os.arch: &amp;apos;amd64&amp;apos;, os.version: &amp;apos;10.0&amp;apos;, java.version: &amp;apos;17.0.7&amp;apos;
Driver info: driver.version: ChromeDriver
remote stacktrace: Backtrace:
	GetHandleVerifier [0x00B7A813+48355]
	(No symbol) [0x00B0C4B1]
	(No symbol) [0x00A15358]
	(No symbol) [0x00A361AC]
	(No symbol) [0x00A31EF3]
	(No symbol) [0x00A30579]
	(No symbol) [0x00A60C55]
	(No symbol) [0x00A6093C]
	(No symbol) [0x00A5A536]
	(No symbol) [0x00A382DC]
	(No symbol) [0x00A393DD]
	GetHandleVerifier [0x00DDAABD+2539405]
	GetHandleVerifier [0x00E1A78F+2800735]
	GetHandleVerifier [0x00E1456C+2775612]
	GetHandleVerifier [0x00C051E0+616112]
	(No symbol) [0x00B15F8C]
	(No symbol) [0x00B12328]
	(No symbol) [0x00B1240B]
	(No symbol) [0x00B04FF7]
	BaseThreadInitThunk [0x76BF00C9+25]
	RtlGetAppContainerNamedObjectPath [0x76F57B1E+286]
	RtlGetAppContainerNamedObjectPath [0x76F57AEE+238]
">
      <![CDATA[org.openqa.selenium.SessionNotCreatedException: session not created: This version of ChromeDriver only supports Chrome version 114
Current browser version is 116.0.5845.179 with binary path C:\Program Files (x86)\Google\Chrome\Application\chrome.exe
Build info: version: '3.141.59', revision: 'e82be7d358', time: '2018-11-14T08:17:03'
System info: host: 'DESKTOP-KRH0EH3', ip: '192.168.1.3', os.name: 'Windows 10', os.arch: 'amd64', os.version: '10.0', java.version: '17.0.7'
Driver info: driver.version: ChromeDriver
remote stacktrace: Backtrace:
GetHandleVerifier [0x00B7A813+48355]
(No symbol) [0x00B0C4B1]
(No symbol) [0x00A15358]
(No symbol) [0x00A361AC]
(No symbol) [0x00A31EF3]
(No symbol) [0x00A30579]
(No symbol) [0x00A60C55]
(No symbol) [0x00A6093C]
(No symbol) [0x00A5A536]
(No symbol) [0x00A382DC]
(No symbol) [0x00A393DD]
GetHandleVerifier [0x00DDAABD+2539405]
GetHandleVerifier [0x00E1A78F+2800735]
GetHandleVerifier [0x00E1456C+2775612]
GetHandleVerifier [0x00C051E0+616112]
(No symbol) [0x00B15F8C]
(No symbol) [0x00B12328]
(No symbol) [0x00B1240B]
(No symbol) [0x00B04FF7]
BaseThreadInitThunk [0x76BF00C9+25]
RtlGetAppContainerNamedObjectPath [0x76F57B1E+286]
RtlGetAppContainerNamedObjectPath [0x76F57AEE+238]

at org.openqa.selenium.remote.W3CHandshakeResponse.lambda$errorHandler$0(W3CHandshakeResponse.java:62)
at org.openqa.selenium.remote.HandshakeResponse.lambda$getResponseFunction$0(HandshakeResponse.java:30)
at org.openqa.selenium.remote.ProtocolHandshake.lambda$createSession$0(ProtocolHandshake.java:126)
at java.base/java.util.stream.ReferencePipeline$3$1.accept(ReferencePipeline.java:197)
at java.base/java.util.Spliterators$ArraySpliterator.tryAdvance(Spliterators.java:1002)
at java.base/java.util.stream.ReferencePipeline.forEachWithCancel(ReferencePipeline.java:129)
at java.base/java.util.stream.AbstractPipeline.copyIntoWithCancel(AbstractPipeline.java:527)
at java.base/java.util.stream.AbstractPipeline.copyInto(AbstractPipeline.java:513)
at java.base/java.util.stream.AbstractPipeline.wrapAndCopyInto(AbstractPipeline.java:499)
at java.base/java.util.stream.FindOps$FindOp.evaluateSequential(FindOps.java:150)
at java.base/java.util.stream.AbstractPipeline.evaluate(AbstractPipeline.java:234)
at java.base/java.util.stream.ReferencePipeline.findFirst(ReferencePipeline.java:647)
at org.openqa.selenium.remote.ProtocolHandshake.createSession(ProtocolHandshake.java:128)
at org.openqa.selenium.remote.ProtocolHandshake.createSession(ProtocolHandshake.java:74)
at org.openqa.selenium.remote.HttpCommandExecutor.execute(HttpCommandExecutor.java:136)
at org.openqa.selenium.remote.service.DriverCommandExecutor.execute(DriverCommandExecutor.java:83)
at org.openqa.selenium.remote.RemoteWebDriver.execute(RemoteWebDriver.java:552)
at org.openqa.selenium.remote.RemoteWebDriver.startSession(RemoteWebDriver.java:213)
at org.openqa.selenium.remote.RemoteWebDriver.<init>(RemoteWebDriver.java:131)
at org.openqa.selenium.chrome.ChromeDriver.<init>(ChromeDriver.java:181)
at org.openqa.selenium.chrome.ChromeDriver.<init>(ChromeDriver.java:168)
at org.openqa.selenium.chrome.ChromeDriver.<init>(ChromeDriver.java:123)
at ALevelPrograms.A1_Alerts.beforeTest(A1_Alerts.java:32)
... Removed 29 stack frames]]>
    </failure>
  </testcase> <!-- @BeforeTest beforeTest -->
  <testcase classname="ALevelPrograms.A4_Information_Commands" name="@BeforeTest beforeTest" time="0.0">
    <skipped/>
  </testcase> <!-- @BeforeTest beforeTest -->
  <testcase classname="ALevelPrograms.A1_Alerts" name="@AfterTest afterTest" time="0.0">
    <skipped/>
  </testcase> <!-- @AfterTest afterTest -->
  <testcase classname="ALevelPrograms.A4_Information_Commands" name="@AfterTest afterTest" time="0.0">
    <skipped/>
  </testcase> <!-- @AfterTest afterTest -->
  <testcase classname="ALevelPrograms.A1_Alerts" name="handlingAlerts" time="0.0">
    <skipped/>
  </testcase> <!-- handlingAlerts -->
  <testcase classname="ALevelPrograms.A4_Information_Commands" name="Gmail" time="0.001">
    <skipped/>
  </testcase> <!-- Gmail -->
  <testcase classname="ALevelPrograms.A4_Information_Commands" name="google_image" time="0.0">
    <skipped/>
  </testcase> <!-- google_image -->
  <testcase classname="ALevelPrograms.A4_Information_Commands" name="search_button" time="0.0">
    <skipped/>
  </testcase> <!-- search_button -->
</testsuite> <!-- Parallel -->
