<?xml version="1.0" encoding="UTF-8"?>
<!-- Generated by org.testng.reporters.JUnitXMLReporter -->
<testsuite ignored="0" hostname="DESKTOP-KRH0EH3" failures="0" tests="3" name="Pracise" time="4.457" errors="0" timestamp="2023-09-02T13:42:59 IST">
  <testcase classname="ALevelPrograms.A1_Alerts" name="@BeforeTest beforeTest" time="4.315">
    <failure type="org.openqa.selenium.SessionNotCreatedException" message="session not created: This version of ChromeDriver only supports Chrome version 114
Current browser version is 116.0.5845.141 with binary path C:\Program Files (x86)\Google\Chrome\Application\chrome.exe
Build info: version: &amp;apos;3.141.59&amp;apos;, revision: &amp;apos;e82be7d358&amp;apos;, time: &amp;apos;2018-11-14T08:17:03&amp;apos;
System info: host: &amp;apos;DESKTOP-KRH0EH3&amp;apos;, ip: &amp;apos;192.168.1.2&amp;apos;, os.name: &amp;apos;Windows 10&amp;apos;, os.arch: &amp;apos;amd64&amp;apos;, os.version: &amp;apos;10.0&amp;apos;, java.version: &amp;apos;17.0.7&amp;apos;
Driver info: driver.version: ChromeDriver
remote stacktrace: Backtrace:
	GetHandleVerifier [0x0108A813+48355]
	(No symbol) [0x0101C4B1]
	(No symbol) [0x00F25358]
	(No symbol) [0x00F461AC]
	(No symbol) [0x00F41EF3]
	(No symbol) [0x00F40579]
	(No symbol) [0x00F70C55]
	(No symbol) [0x00F7093C]
	(No symbol) [0x00F6A536]
	(No symbol) [0x00F482DC]
	(No symbol) [0x00F493DD]
	GetHandleVerifier [0x012EAABD+2539405]
	GetHandleVerifier [0x0132A78F+2800735]
	GetHandleVerifier [0x0132456C+2775612]
	GetHandleVerifier [0x011151E0+616112]
	(No symbol) [0x01025F8C]
	(No symbol) [0x01022328]
	(No symbol) [0x0102240B]
	(No symbol) [0x01014FF7]
	BaseThreadInitThunk [0x765D00C9+25]
	RtlGetAppContainerNamedObjectPath [0x771A7B1E+286]
	RtlGetAppContainerNamedObjectPath [0x771A7AEE+238]
">
      <![CDATA[org.openqa.selenium.SessionNotCreatedException: session not created: This version of ChromeDriver only supports Chrome version 114
Current browser version is 116.0.5845.141 with binary path C:\Program Files (x86)\Google\Chrome\Application\chrome.exe
Build info: version: '3.141.59', revision: 'e82be7d358', time: '2018-11-14T08:17:03'
System info: host: 'DESKTOP-KRH0EH3', ip: '192.168.1.2', os.name: 'Windows 10', os.arch: 'amd64', os.version: '10.0', java.version: '17.0.7'
Driver info: driver.version: ChromeDriver
remote stacktrace: Backtrace:
GetHandleVerifier [0x0108A813+48355]
(No symbol) [0x0101C4B1]
(No symbol) [0x00F25358]
(No symbol) [0x00F461AC]
(No symbol) [0x00F41EF3]
(No symbol) [0x00F40579]
(No symbol) [0x00F70C55]
(No symbol) [0x00F7093C]
(No symbol) [0x00F6A536]
(No symbol) [0x00F482DC]
(No symbol) [0x00F493DD]
GetHandleVerifier [0x012EAABD+2539405]
GetHandleVerifier [0x0132A78F+2800735]
GetHandleVerifier [0x0132456C+2775612]
GetHandleVerifier [0x011151E0+616112]
(No symbol) [0x01025F8C]
(No symbol) [0x01022328]
(No symbol) [0x0102240B]
(No symbol) [0x01014FF7]
BaseThreadInitThunk [0x765D00C9+25]
RtlGetAppContainerNamedObjectPath [0x771A7B1E+286]
RtlGetAppContainerNamedObjectPath [0x771A7AEE+238]

at org.openqa.selenium.remote.W3CHandshakeResponse.lambda$errorHandler$0(W3CHandshakeResponse.java:62)
at org.openqa.selenium.remote.HandshakeResponse.lambda$getResponseFunction$0(HandshakeResponse.java:30)
at org.openqa.selenium.remote.ProtocolHandshake.lambda$createSession$0(ProtocolHandshake.java:126)
at java.base/java.util.stream.ReferencePipeline$3$1.accept(ReferencePipeline.java:197)
at java.base/java.util.Spliterators$ArraySpliterator.tryAdvance(Spliterators.java:1002)
at java.base/java.util.stream.ReferencePipeline.forEachWithCancel(ReferencePipeline.java:129)
at java.base/java.util.stream.AbstractPipeline.copyIntoWithCancel(AbstractPipeline.java:527)
at java.base/java.util.stream.AbstractPipeline.copyInto(AbstractPipeline.java:513)
at java.base/java.util.stream.AbstractPipeline.wrapAndCopyInto(AbstractPipeline.java:499)
at java.base/java.util.stream.FindOps$FindOp.evaluateSequential(FindOps.java:150)
at java.base/java.util.stream.AbstractPipeline.evaluate(AbstractPipeline.java:234)
at java.base/java.util.stream.ReferencePipeline.findFirst(ReferencePipeline.java:647)
at org.openqa.selenium.remote.ProtocolHandshake.createSession(ProtocolHandshake.java:128)
at org.openqa.selenium.remote.ProtocolHandshake.createSession(ProtocolHandshake.java:74)
at org.openqa.selenium.remote.HttpCommandExecutor.execute(HttpCommandExecutor.java:136)
at org.openqa.selenium.remote.service.DriverCommandExecutor.execute(DriverCommandExecutor.java:83)
at org.openqa.selenium.remote.RemoteWebDriver.execute(RemoteWebDriver.java:552)
at org.openqa.selenium.remote.RemoteWebDriver.startSession(RemoteWebDriver.java:213)
at org.openqa.selenium.remote.RemoteWebDriver.<init>(RemoteWebDriver.java:131)
at org.openqa.selenium.chrome.ChromeDriver.<init>(ChromeDriver.java:181)
at org.openqa.selenium.chrome.ChromeDriver.<init>(ChromeDriver.java:168)
at org.openqa.selenium.chrome.ChromeDriver.<init>(ChromeDriver.java:123)
at ALevelPrograms.A1_Alerts.beforeTest(A1_Alerts.java:32)
... Removed 29 stack frames]]>
    </failure>
  </testcase> <!-- @BeforeTest beforeTest -->
  <testcase classname="ALevelPrograms.A2_MouseOverActions" name="@BeforeTest beforeTest" time="0.0">
    <skipped/>
  </testcase> <!-- @BeforeTest beforeTest -->
  <testcase classname="HIghLevel.B14_FlipkartGeneric" name="@BeforeTest beforeTest" time="0.0">
    <skipped/>
  </testcase> <!-- @BeforeTest beforeTest -->
  <testcase classname="ALevelPrograms.A1_Alerts" name="@AfterTest afterTest" time="0.0">
    <skipped/>
  </testcase> <!-- @AfterTest afterTest -->
  <testcase classname="ALevelPrograms.A2_MouseOverActions" name="@AfterTest afterTest" time="0.0">
    <skipped/>
  </testcase> <!-- @AfterTest afterTest -->
  <testcase classname="HIghLevel.B14_FlipkartGeneric" name="@AfterTest afterTest" time="0.0">
    <skipped/>
  </testcase> <!-- @AfterTest afterTest -->
  <testcase classname="ALevelPrograms.A2_MouseOverActions" name="f" time="0.001">
    <skipped/>
  </testcase> <!-- f -->
  <testcase classname="ALevelPrograms.A1_Alerts" name="handlingAlerts" time="0.001">
    <skipped/>
  </testcase> <!-- handlingAlerts -->
  <testcase classname="HIghLevel.B14_FlipkartGeneric" name="clickable" time="0.0">
    <skipped/>
  </testcase> <!-- clickable -->
</testsuite> <!-- Pracise -->
